============================= test session starts =============================
platform win32 -- Python 3.13.5, pytest-8.2.2, pluggy-1.6.0 -- C:\Users\bmsul\Documents\VVV\.venv\Scripts\python.exe
cachedir: .pytest_cache
benchmark: 5.1.0 (defaults: timer=time.perf_counter disable_gc=False min_rounds=5 min_time=0.000005 max_time=1.0 calibration_precision=10 warmup=False warmup_iterations=100000)
metadata: {'Python': '3.13.5', 'Platform': 'Windows-11-10.0.26100-SP0', 'Packages': {'pytest': '8.2.2', 'pluggy': '1.6.0'}, 'Plugins': {'anyio': '4.9.0', 'Faker': '37.4.0', 'langsmith': '0.4.1', 'asyncio': '1.0.0', 'benchmark': '5.1.0', 'cov': '6.2.1', 'html': '4.1.1', 'json-report': '1.5.0', 'metadata': '3.1.1', 'xdist': '3.7.0'}}
rootdir: C:\Users\bmsul\Documents\VVV
configfile: pytest.ini
plugins: anyio-4.9.0, Faker-37.4.0, langsmith-0.4.1, asyncio-1.0.0, benchmark-5.1.0, cov-6.2.1, html-4.1.1, json-report-1.5.0, metadata-3.1.1, xdist-3.7.0
asyncio: mode=Mode.STRICT, asyncio_default_fixture_loop_scope=function, asyncio_default_test_loop_scope=function
collecting ... collected 9 items

tests/agents/intake_assistant/test_intake_assistant.py::test_successful_intake [DEBUG] search_results for 'New CRM Integration': []
[DEBUG] existing_project_names: []
PASSED
tests/agents/intake_assistant/test_intake_assistant.py::test_input_validation_failure PASSED
tests/agents/intake_assistant/test_intake_assistant.py::test_mcp_storage_failure [DEBUG] search_results for 'Project for MCP Failure': []
[DEBUG] existing_project_names: []
PASSED
tests/agents/intake_assistant/test_intake_assistant.py::test_check_existing_projects_found [DEBUG] search_results for 'New CRM Integration': [{'name': 'Existing New CRM Integration Project', 'observations': ['CRM integration for sales']}, {'name': 'CRM Upgrade Initiative', 'observations': ['Upgrade existing CRM system']}]
[DEBUG] existing_project_names: ['Existing New CRM Integration Project']
PASSED
tests/agents/intake_assistant/test_intake_assistant.py::test_check_existing_projects_not_found [DEBUG] search_results for 'Truly Unique Project': []
[DEBUG] existing_project_names: []
PASSED
tests/agents/intake_assistant/test_intake_assistant.py::test_mcp_audit_logging_success [DEBUG] search_results for 'Audit Log Test Project': []
[DEBUG] existing_project_names: []
PASSED
tests/agents/intake_assistant/test_intake_assistant.py::test_overall_unexpected_error_handling [DEBUG] search_results for 'Error Test': []
[DEBUG] existing_project_names: []
PASSED
tests/agents/intake_assistant/test_intake_assistant.py::test_structure_data_normalization FAILED
tests/agents/intake_assistant/test_intake_assistant.py::test_structure_data_error_handling PASSED

================================== FAILURES ===================================
______________________ test_structure_data_normalization ______________________

intake_agent = <agents.intake_assistant.main.IntakeAssistantAgent object at 0x0000020B895978A0>

    @pytest.mark.asyncio
    async def test_structure_data_normalization(intake_agent):
        """Test that _structure_data correctly normalizes input data."""
        inputs = {
            'project_name': 'Test Project',
            'description': 'A test description.',
            'goals': ['Goal 1', None, 'Goal 2'],  # Mixed list with None
            'success_criteria': 'Single criteria string', # String instead of list
            'budget_range': '100k_to_500k'
        }
    
        # Call the internal method directly for focused testing
        structured_data = intake_agent._structure_data(inputs)
    
        assert isinstance(structured_data['goals'], list)
        assert structured_data['goals'] == ['Goal 1', 'Goal 2'] # None should be filtered out
    
        assert isinstance(structured_data['success_criteria'], list)
>       assert structured_data['success_criteria'] == ['Single criteria string'] # Should be converted to list
E       AssertionError: assert ['S', 'i', 'n...'l', 'e', ...] == ['Single criteria string']
E         
E         At index 0 diff: 'S' != 'Single criteria string'
E         Left contains 21 more items, first extra item: 'i'
E         
E         Full diff:
E           [
E         -     'Single criteria string',...
E         
E         ...Full output truncated (23 lines hidden), use '-vv' to show

tests\agents\intake_assistant\test_intake_assistant.py:280: AssertionError
=========================== short test summary info ===========================
FAILED tests/agents/intake_assistant/test_intake_assistant.py::test_structure_data_normalization
========================= 1 failed, 8 passed in 6.91s =========================
